<?xml version="1.0" encoding="UTF-8"?>
<!-- Generated by org.testng.reporters.JUnitReportReporter -->
<testsuite hostname="DESKTOP-N7CJ6G5" failures="0" tests="1" name="runner.TestRunner" time="15.485" errors="0" timestamp="2025-03-10T10:53:00 IST" skipped="0">
  <testcase classname="runner.TestRunner" name="runScenario" time="15.485"/>
  <system-out/>
</testsuite> <!-- runner.TestRunner -->
